{"/Users/feibai/github/doubanfm-sdk/dist/index.js":{"path":"/Users/feibai/github/doubanfm-sdk/dist/index.js","s":{"1":1,"2":1,"3":1,"4":1,"5":1,"6":1,"7":1,"8":1,"9":3,"10":1,"11":1,"12":1,"13":1,"14":1,"15":1,"16":9,"17":1,"18":8,"19":8,"20":0,"21":8,"22":1,"23":1,"24":1,"25":1,"26":1,"27":1,"28":0,"29":1,"30":1,"31":1,"32":1,"33":1,"34":1,"35":0,"36":1,"37":1,"38":1,"39":0,"40":0,"41":0,"42":0,"43":0,"44":0,"45":0,"46":0,"47":1,"48":0,"49":0,"50":0,"51":0,"52":1,"53":1,"54":1,"55":1,"56":0,"57":1,"58":1,"59":0,"60":0,"61":0,"62":0,"63":1,"64":1,"65":1,"66":1,"67":0,"68":1,"69":1,"70":0,"71":0,"72":0,"73":0,"74":1,"75":6,"76":6,"77":6,"78":6,"79":6,"80":0,"81":6,"82":6,"83":0,"84":0,"85":0,"86":0,"87":1,"88":1,"89":1,"90":1,"91":1,"92":1,"93":1,"94":1,"95":1,"96":1,"97":1,"98":1,"99":1,"100":1,"101":1,"102":1,"103":1,"104":1,"105":1,"106":0,"107":0,"108":0,"109":0,"110":0,"111":0,"112":0,"113":1,"114":0,"115":0,"116":0,"117":0,"118":0,"119":0,"120":0,"121":1,"122":0,"123":0,"124":0,"125":0,"126":0,"127":0,"128":0,"129":1},"b":{"1":[2,1],"2":[3,3],"3":[0,8],"4":[1,0],"5":[0,1],"6":[1,0],"7":[0,1],"8":[0,0],"9":[0,0],"10":[0,0],"11":[0,0],"12":[0,0],"13":[1,0],"14":[1,1],"15":[0,1],"16":[0,1],"17":[0,0],"18":[1,0],"19":[1,1],"20":[1,1],"21":[0,1],"22":[0,1],"23":[0,0],"24":[6,0],"25":[0,6],"26":[0,6],"27":[0,0],"28":[0,0],"29":[0,0],"30":[0,0],"31":[0,0],"32":[0,0],"33":[0,0],"34":[0,0],"35":[0,0],"36":[0,0],"37":[0,0]},"f":{"1":3,"2":0,"3":9,"4":8,"5":3,"6":1,"7":1,"8":1,"9":1,"10":0,"11":0,"12":0,"13":1,"14":1,"15":1,"16":1,"17":6,"18":6,"19":1,"20":1,"21":1,"22":1,"23":1,"24":1,"25":0,"26":0,"27":0,"28":0,"29":0,"30":0},"fnMap":{"1":{"name":"_interopRequireDefault","line":19,"loc":{"start":{"line":19,"column":0},"end":{"line":19,"column":37}}},"2":{"name":"noop","line":40,"loc":{"start":{"line":40,"column":11},"end":{"line":40,"column":27}}},"3":{"name":"random","line":41,"loc":{"start":{"line":41,"column":13},"end":{"line":41,"column":31}}},"4":{"name":"safeParse","line":45,"loc":{"start":{"line":45,"column":16},"end":{"line":45,"column":40}}},"5":{"name":"SDK","line":54,"loc":{"start":{"line":54,"column":10},"end":{"line":54,"column":25}}},"6":{"name":"(anonymous_6)","line":59,"loc":{"start":{"line":59,"column":16},"end":{"line":59,"column":35}}},"7":{"name":"(anonymous_7)","line":64,"loc":{"start":{"line":64,"column":5},"end":{"line":64,"column":31}}},"8":{"name":"(anonymous_8)","line":72,"loc":{"start":{"line":72,"column":17},"end":{"line":72,"column":36}}},"9":{"name":"(anonymous_9)","line":81,"loc":{"start":{"line":81,"column":5},"end":{"line":81,"column":31}}},"10":{"name":"(anonymous_10)","line":93,"loc":{"start":{"line":93,"column":11},"end":{"line":93,"column":30}}},"11":{"name":"(anonymous_11)","line":107,"loc":{"start":{"line":107,"column":5},"end":{"line":107,"column":31}}},"12":{"name":"(anonymous_12)","line":121,"loc":{"start":{"line":121,"column":12},"end":{"line":121,"column":26}}},"13":{"name":"(anonymous_13)","line":131,"loc":{"start":{"line":131,"column":14},"end":{"line":131,"column":33}}},"14":{"name":"(anonymous_14)","line":138,"loc":{"start":{"line":138,"column":5},"end":{"line":138,"column":31}}},"15":{"name":"(anonymous_15)","line":152,"loc":{"start":{"line":152,"column":18},"end":{"line":152,"column":37}}},"16":{"name":"(anonymous_16)","line":161,"loc":{"start":{"line":161,"column":5},"end":{"line":161,"column":31}}},"17":{"name":"(anonymous_17)","line":175,"loc":{"start":{"line":175,"column":11},"end":{"line":175,"column":30}}},"18":{"name":"(anonymous_18)","line":189,"loc":{"start":{"line":189,"column":5},"end":{"line":189,"column":31}}},"19":{"name":"(anonymous_19)","line":203,"loc":{"start":{"line":203,"column":10},"end":{"line":203,"column":29}}},"20":{"name":"(anonymous_20)","line":209,"loc":{"start":{"line":209,"column":10},"end":{"line":209,"column":29}}},"21":{"name":"(anonymous_21)","line":215,"loc":{"start":{"line":215,"column":12},"end":{"line":215,"column":31}}},"22":{"name":"(anonymous_22)","line":221,"loc":{"start":{"line":221,"column":22},"end":{"line":221,"column":41}}},"23":{"name":"(anonymous_23)","line":227,"loc":{"start":{"line":227,"column":22},"end":{"line":227,"column":41}}},"24":{"name":"(anonymous_24)","line":233,"loc":{"start":{"line":233,"column":27},"end":{"line":233,"column":46}}},"25":{"name":"(anonymous_25)","line":239,"loc":{"start":{"line":239,"column":18},"end":{"line":239,"column":37}}},"26":{"name":"(anonymous_26)","line":244,"loc":{"start":{"line":244,"column":5},"end":{"line":244,"column":31}}},"27":{"name":"(anonymous_27)","line":254,"loc":{"start":{"line":254,"column":15},"end":{"line":254,"column":34}}},"28":{"name":"(anonymous_28)","line":260,"loc":{"start":{"line":260,"column":5},"end":{"line":260,"column":31}}},"29":{"name":"(anonymous_29)","line":270,"loc":{"start":{"line":270,"column":11},"end":{"line":270,"column":30}}},"30":{"name":"(anonymous_30)","line":280,"loc":{"start":{"line":280,"column":5},"end":{"line":280,"column":31}}}},"statementMap":{"1":{"start":{"line":3,"column":0},"end":{"line":5,"column":3}},"2":{"start":{"line":7,"column":0},"end":{"line":7,"column":34}},"3":{"start":{"line":9,"column":0},"end":{"line":9,"column":49}},"4":{"start":{"line":11,"column":0},"end":{"line":11,"column":34}},"5":{"start":{"line":13,"column":0},"end":{"line":13,"column":47}},"6":{"start":{"line":15,"column":0},"end":{"line":15,"column":30}},"7":{"start":{"line":17,"column":0},"end":{"line":17,"column":43}},"8":{"start":{"line":19,"column":0},"end":{"line":19,"column":95}},"9":{"start":{"line":19,"column":39},"end":{"line":19,"column":93}},"10":{"start":{"line":25,"column":0},"end":{"line":25,"column":28}},"11":{"start":{"line":30,"column":0},"end":{"line":30,"column":34}},"12":{"start":{"line":33,"column":0},"end":{"line":33,"column":32}},"13":{"start":{"line":35,"column":0},"end":{"line":38,"column":3}},"14":{"start":{"line":40,"column":0},"end":{"line":40,"column":30}},"15":{"start":{"line":41,"column":0},"end":{"line":43,"column":2}},"16":{"start":{"line":42,"column":2},"end":{"line":42,"column":20}},"17":{"start":{"line":45,"column":0},"end":{"line":52,"column":2}},"18":{"start":{"line":46,"column":2},"end":{"line":46,"column":21}},"19":{"start":{"line":47,"column":2},"end":{"line":51,"column":3}},"20":{"start":{"line":48,"column":4},"end":{"line":48,"column":32}},"21":{"start":{"line":50,"column":4},"end":{"line":50,"column":45}},"22":{"start":{"line":54,"column":0},"end":{"line":54,"column":28}},"23":{"start":{"line":56,"column":0},"end":{"line":56,"column":23}},"24":{"start":{"line":59,"column":0},"end":{"line":69,"column":2}},"25":{"start":{"line":60,"column":2},"end":{"line":60,"column":18}},"26":{"start":{"line":61,"column":2},"end":{"line":68,"column":5}},"27":{"start":{"line":65,"column":4},"end":{"line":65,"column":28}},"28":{"start":{"line":65,"column":13},"end":{"line":65,"column":28}},"29":{"start":{"line":66,"column":4},"end":{"line":66,"column":36}},"30":{"start":{"line":67,"column":4},"end":{"line":67,"column":17}},"31":{"start":{"line":72,"column":0},"end":{"line":90,"column":2}},"32":{"start":{"line":73,"column":2},"end":{"line":73,"column":18}},"33":{"start":{"line":74,"column":2},"end":{"line":89,"column":5}},"34":{"start":{"line":82,"column":4},"end":{"line":82,"column":28}},"35":{"start":{"line":82,"column":13},"end":{"line":82,"column":28}},"36":{"start":{"line":83,"column":4},"end":{"line":87,"column":6}},"37":{"start":{"line":88,"column":4},"end":{"line":88,"column":19}},"38":{"start":{"line":93,"column":0},"end":{"line":118,"column":2}},"39":{"start":{"line":94,"column":2},"end":{"line":94,"column":18}},"40":{"start":{"line":95,"column":2},"end":{"line":117,"column":5}},"41":{"start":{"line":108,"column":4},"end":{"line":108,"column":28}},"42":{"start":{"line":108,"column":13},"end":{"line":108,"column":28}},"43":{"start":{"line":109,"column":4},"end":{"line":109,"column":26}},"44":{"start":{"line":110,"column":4},"end":{"line":116,"column":5}},"45":{"start":{"line":111,"column":6},"end":{"line":114,"column":8}},"46":{"start":{"line":115,"column":6},"end":{"line":115,"column":23}},"47":{"start":{"line":121,"column":0},"end":{"line":128,"column":2}},"48":{"start":{"line":122,"column":2},"end":{"line":122,"column":18}},"49":{"start":{"line":123,"column":2},"end":{"line":123,"column":34}},"50":{"start":{"line":124,"column":2},"end":{"line":126,"column":5}},"51":{"start":{"line":127,"column":2},"end":{"line":127,"column":7}},"52":{"start":{"line":131,"column":0},"end":{"line":149,"column":2}},"53":{"start":{"line":132,"column":2},"end":{"line":132,"column":18}},"54":{"start":{"line":133,"column":2},"end":{"line":148,"column":5}},"55":{"start":{"line":139,"column":4},"end":{"line":139,"column":28}},"56":{"start":{"line":139,"column":13},"end":{"line":139,"column":28}},"57":{"start":{"line":140,"column":4},"end":{"line":140,"column":26}},"58":{"start":{"line":141,"column":4},"end":{"line":147,"column":5}},"59":{"start":{"line":142,"column":6},"end":{"line":142,"column":22}},"60":{"start":{"line":143,"column":6},"end":{"line":145,"column":7}},"61":{"start":{"line":144,"column":8},"end":{"line":144,"column":36}},"62":{"start":{"line":146,"column":6},"end":{"line":146,"column":23}},"63":{"start":{"line":152,"column":0},"end":{"line":172,"column":2}},"64":{"start":{"line":153,"column":2},"end":{"line":153,"column":18}},"65":{"start":{"line":154,"column":2},"end":{"line":171,"column":5}},"66":{"start":{"line":162,"column":4},"end":{"line":162,"column":28}},"67":{"start":{"line":162,"column":13},"end":{"line":162,"column":28}},"68":{"start":{"line":163,"column":4},"end":{"line":163,"column":26}},"69":{"start":{"line":164,"column":4},"end":{"line":170,"column":5}},"70":{"start":{"line":165,"column":6},"end":{"line":165,"column":22}},"71":{"start":{"line":166,"column":6},"end":{"line":168,"column":7}},"72":{"start":{"line":167,"column":8},"end":{"line":167,"column":36}},"73":{"start":{"line":169,"column":6},"end":{"line":169,"column":23}},"74":{"start":{"line":175,"column":0},"end":{"line":200,"column":2}},"75":{"start":{"line":176,"column":2},"end":{"line":182,"column":4}},"76":{"start":{"line":183,"column":2},"end":{"line":183,"column":39}},"77":{"start":{"line":184,"column":2},"end":{"line":184,"column":18}},"78":{"start":{"line":185,"column":2},"end":{"line":199,"column":5}},"79":{"start":{"line":190,"column":4},"end":{"line":190,"column":28}},"80":{"start":{"line":190,"column":13},"end":{"line":190,"column":28}},"81":{"start":{"line":191,"column":4},"end":{"line":191,"column":26}},"82":{"start":{"line":192,"column":4},"end":{"line":198,"column":5}},"83":{"start":{"line":193,"column":6},"end":{"line":193,"column":22}},"84":{"start":{"line":194,"column":6},"end":{"line":196,"column":7}},"85":{"start":{"line":195,"column":8},"end":{"line":195,"column":27}},"86":{"start":{"line":197,"column":6},"end":{"line":197,"column":23}},"87":{"start":{"line":203,"column":0},"end":{"line":206,"column":2}},"88":{"start":{"line":204,"column":2},"end":{"line":204,"column":17}},"89":{"start":{"line":205,"column":2},"end":{"line":205,"column":20}},"90":{"start":{"line":209,"column":0},"end":{"line":212,"column":2}},"91":{"start":{"line":210,"column":2},"end":{"line":210,"column":17}},"92":{"start":{"line":211,"column":2},"end":{"line":211,"column":20}},"93":{"start":{"line":215,"column":0},"end":{"line":218,"column":2}},"94":{"start":{"line":216,"column":2},"end":{"line":216,"column":17}},"95":{"start":{"line":217,"column":2},"end":{"line":217,"column":20}},"96":{"start":{"line":221,"column":0},"end":{"line":224,"column":2}},"97":{"start":{"line":222,"column":2},"end":{"line":222,"column":17}},"98":{"start":{"line":223,"column":2},"end":{"line":223,"column":20}},"99":{"start":{"line":227,"column":0},"end":{"line":230,"column":2}},"100":{"start":{"line":228,"column":2},"end":{"line":228,"column":39}},"101":{"start":{"line":229,"column":2},"end":{"line":229,"column":20}},"102":{"start":{"line":233,"column":0},"end":{"line":236,"column":2}},"103":{"start":{"line":234,"column":2},"end":{"line":234,"column":44}},"104":{"start":{"line":235,"column":2},"end":{"line":235,"column":20}},"105":{"start":{"line":239,"column":0},"end":{"line":251,"column":2}},"106":{"start":{"line":240,"column":2},"end":{"line":240,"column":18}},"107":{"start":{"line":241,"column":2},"end":{"line":250,"column":5}},"108":{"start":{"line":245,"column":4},"end":{"line":245,"column":28}},"109":{"start":{"line":245,"column":13},"end":{"line":245,"column":28}},"110":{"start":{"line":246,"column":4},"end":{"line":246,"column":26}},"111":{"start":{"line":247,"column":4},"end":{"line":249,"column":5}},"112":{"start":{"line":248,"column":6},"end":{"line":248,"column":36}},"113":{"start":{"line":254,"column":0},"end":{"line":267,"column":2}},"114":{"start":{"line":255,"column":2},"end":{"line":255,"column":18}},"115":{"start":{"line":256,"column":2},"end":{"line":266,"column":5}},"116":{"start":{"line":261,"column":4},"end":{"line":261,"column":28}},"117":{"start":{"line":261,"column":13},"end":{"line":261,"column":28}},"118":{"start":{"line":262,"column":4},"end":{"line":262,"column":26}},"119":{"start":{"line":263,"column":4},"end":{"line":265,"column":5}},"120":{"start":{"line":264,"column":6},"end":{"line":264,"column":21}},"121":{"start":{"line":270,"column":0},"end":{"line":287,"column":2}},"122":{"start":{"line":271,"column":2},"end":{"line":271,"column":18}},"123":{"start":{"line":272,"column":2},"end":{"line":286,"column":5}},"124":{"start":{"line":281,"column":4},"end":{"line":281,"column":28}},"125":{"start":{"line":281,"column":13},"end":{"line":281,"column":28}},"126":{"start":{"line":282,"column":4},"end":{"line":282,"column":26}},"127":{"start":{"line":283,"column":4},"end":{"line":285,"column":5}},"128":{"start":{"line":284,"column":6},"end":{"line":284,"column":21}},"129":{"start":{"line":289,"column":0},"end":{"line":289,"column":22}}},"branchMap":{"1":{"line":19,"type":"cond-expr","locations":[{"start":{"line":19,"column":70},"end":{"line":19,"column":73}},{"start":{"line":19,"column":76},"end":{"line":19,"column":92}}]},"2":{"line":19,"type":"binary-expr","locations":[{"start":{"line":19,"column":46},"end":{"line":19,"column":49}},{"start":{"line":19,"column":53},"end":{"line":19,"column":67}}]},"3":{"line":47,"type":"if","locations":[{"start":{"line":47,"column":2},"end":{"line":47,"column":2}},{"start":{"line":47,"column":2},"end":{"line":47,"column":2}}]},"4":{"line":60,"type":"binary-expr","locations":[{"start":{"line":60,"column":7},"end":{"line":60,"column":9}},{"start":{"line":60,"column":13},"end":{"line":60,"column":17}}]},"5":{"line":65,"type":"if","locations":[{"start":{"line":65,"column":4},"end":{"line":65,"column":4}},{"start":{"line":65,"column":4},"end":{"line":65,"column":4}}]},"6":{"line":73,"type":"binary-expr","locations":[{"start":{"line":73,"column":7},"end":{"line":73,"column":9}},{"start":{"line":73,"column":13},"end":{"line":73,"column":17}}]},"7":{"line":82,"type":"if","locations":[{"start":{"line":82,"column":4},"end":{"line":82,"column":4}},{"start":{"line":82,"column":4},"end":{"line":82,"column":4}}]},"8":{"line":94,"type":"binary-expr","locations":[{"start":{"line":94,"column":7},"end":{"line":94,"column":9}},{"start":{"line":94,"column":13},"end":{"line":94,"column":17}}]},"9":{"line":100,"type":"binary-expr","locations":[{"start":{"line":100,"column":16},"end":{"line":100,"column":28}},{"start":{"line":100,"column":32},"end":{"line":100,"column":36}}]},"10":{"line":108,"type":"if","locations":[{"start":{"line":108,"column":4},"end":{"line":108,"column":4}},{"start":{"line":108,"column":4},"end":{"line":108,"column":4}}]},"11":{"line":110,"type":"if","locations":[{"start":{"line":110,"column":4},"end":{"line":110,"column":4}},{"start":{"line":110,"column":4},"end":{"line":110,"column":4}}]},"12":{"line":122,"type":"binary-expr","locations":[{"start":{"line":122,"column":7},"end":{"line":122,"column":9}},{"start":{"line":122,"column":13},"end":{"line":122,"column":17}}]},"13":{"line":132,"type":"binary-expr","locations":[{"start":{"line":132,"column":7},"end":{"line":132,"column":9}},{"start":{"line":132,"column":13},"end":{"line":132,"column":17}}]},"14":{"line":136,"type":"binary-expr","locations":[{"start":{"line":136,"column":16},"end":{"line":136,"column":28}},{"start":{"line":136,"column":32},"end":{"line":136,"column":37}}]},"15":{"line":139,"type":"if","locations":[{"start":{"line":139,"column":4},"end":{"line":139,"column":4}},{"start":{"line":139,"column":4},"end":{"line":139,"column":4}}]},"16":{"line":141,"type":"if","locations":[{"start":{"line":141,"column":4},"end":{"line":141,"column":4}},{"start":{"line":141,"column":4},"end":{"line":141,"column":4}}]},"17":{"line":143,"type":"if","locations":[{"start":{"line":143,"column":6},"end":{"line":143,"column":6}},{"start":{"line":143,"column":6},"end":{"line":143,"column":6}}]},"18":{"line":153,"type":"binary-expr","locations":[{"start":{"line":153,"column":7},"end":{"line":153,"column":9}},{"start":{"line":153,"column":13},"end":{"line":153,"column":17}}]},"19":{"line":157,"type":"binary-expr","locations":[{"start":{"line":157,"column":13},"end":{"line":157,"column":22}},{"start":{"line":157,"column":26},"end":{"line":157,"column":27}}]},"20":{"line":158,"type":"binary-expr","locations":[{"start":{"line":158,"column":13},"end":{"line":158,"column":22}},{"start":{"line":158,"column":26},"end":{"line":158,"column":27}}]},"21":{"line":162,"type":"if","locations":[{"start":{"line":162,"column":4},"end":{"line":162,"column":4}},{"start":{"line":162,"column":4},"end":{"line":162,"column":4}}]},"22":{"line":164,"type":"if","locations":[{"start":{"line":164,"column":4},"end":{"line":164,"column":4}},{"start":{"line":164,"column":4},"end":{"line":164,"column":4}}]},"23":{"line":166,"type":"if","locations":[{"start":{"line":166,"column":6},"end":{"line":166,"column":6}},{"start":{"line":166,"column":6},"end":{"line":166,"column":6}}]},"24":{"line":184,"type":"binary-expr","locations":[{"start":{"line":184,"column":7},"end":{"line":184,"column":9}},{"start":{"line":184,"column":13},"end":{"line":184,"column":17}}]},"25":{"line":190,"type":"if","locations":[{"start":{"line":190,"column":4},"end":{"line":190,"column":4}},{"start":{"line":190,"column":4},"end":{"line":190,"column":4}}]},"26":{"line":192,"type":"if","locations":[{"start":{"line":192,"column":4},"end":{"line":192,"column":4}},{"start":{"line":192,"column":4},"end":{"line":192,"column":4}}]},"27":{"line":194,"type":"if","locations":[{"start":{"line":194,"column":6},"end":{"line":194,"column":6}},{"start":{"line":194,"column":6},"end":{"line":194,"column":6}}]},"28":{"line":240,"type":"binary-expr","locations":[{"start":{"line":240,"column":7},"end":{"line":240,"column":9}},{"start":{"line":240,"column":13},"end":{"line":240,"column":17}}]},"29":{"line":245,"type":"if","locations":[{"start":{"line":245,"column":4},"end":{"line":245,"column":4}},{"start":{"line":245,"column":4},"end":{"line":245,"column":4}}]},"30":{"line":247,"type":"if","locations":[{"start":{"line":247,"column":4},"end":{"line":247,"column":4}},{"start":{"line":247,"column":4},"end":{"line":247,"column":4}}]},"31":{"line":248,"type":"binary-expr","locations":[{"start":{"line":248,"column":15},"end":{"line":248,"column":28}},{"start":{"line":248,"column":32},"end":{"line":248,"column":34}}]},"32":{"line":255,"type":"binary-expr","locations":[{"start":{"line":255,"column":7},"end":{"line":255,"column":9}},{"start":{"line":255,"column":13},"end":{"line":255,"column":17}}]},"33":{"line":261,"type":"if","locations":[{"start":{"line":261,"column":4},"end":{"line":261,"column":4}},{"start":{"line":261,"column":4},"end":{"line":261,"column":4}}]},"34":{"line":263,"type":"if","locations":[{"start":{"line":263,"column":4},"end":{"line":263,"column":4}},{"start":{"line":263,"column":4},"end":{"line":263,"column":4}}]},"35":{"line":271,"type":"binary-expr","locations":[{"start":{"line":271,"column":7},"end":{"line":271,"column":9}},{"start":{"line":271,"column":13},"end":{"line":271,"column":17}}]},"36":{"line":281,"type":"if","locations":[{"start":{"line":281,"column":4},"end":{"line":281,"column":4}},{"start":{"line":281,"column":4},"end":{"line":281,"column":4}}]},"37":{"line":283,"type":"if","locations":[{"start":{"line":283,"column":4},"end":{"line":283,"column":4}},{"start":{"line":283,"column":4},"end":{"line":283,"column":4}}]}}},"/Users/feibai/github/doubanfm-sdk/dist/header.js":{"path":"/Users/feibai/github/doubanfm-sdk/dist/header.js","s":{"1":1,"2":1},"b":{},"f":{},"fnMap":{},"statementMap":{"1":{"start":{"line":3,"column":0},"end":{"line":5,"column":3}},"2":{"start":{"line":6,"column":0},"end":{"line":10,"column":2}}},"branchMap":{}},"/Users/feibai/github/doubanfm-sdk/dist/apis.js":{"path":"/Users/feibai/github/doubanfm-sdk/dist/apis.js","s":{"1":1,"2":1,"3":1,"4":1,"5":21,"6":1},"b":{},"f":{},"fnMap":{},"statementMap":{"1":{"start":{"line":3,"column":0},"end":{"line":5,"column":3}},"2":{"start":{"line":6,"column":0},"end":{"line":6,"column":55}},"3":{"start":{"line":8,"column":0},"end":{"line":51,"column":2}},"4":{"start":{"line":53,"column":0},"end":{"line":55,"column":1}},"5":{"start":{"line":54,"column":2},"end":{"line":54,"column":35}},"6":{"start":{"line":57,"column":0},"end":{"line":57,"column":23}}},"branchMap":{}}}