{"/Users/feibai/github/doubanfm-sdk/dist/index.js":{"path":"/Users/feibai/github/doubanfm-sdk/dist/index.js","s":{"1":1,"2":1,"3":1,"4":1,"5":1,"6":1,"7":1,"8":1,"9":3,"10":1,"11":1,"12":1,"13":1,"14":1,"15":1,"16":6,"17":1,"18":4,"19":4,"20":4,"21":0,"22":1,"23":1,"24":1,"25":1,"26":1,"27":1,"28":0,"29":1,"30":1,"31":1,"32":1,"33":1,"34":1,"35":0,"36":1,"37":1,"38":1,"39":0,"40":0,"41":0,"42":0,"43":0,"44":0,"45":0,"46":0,"47":1,"48":0,"49":0,"50":0,"51":1,"52":0,"53":0,"54":0,"55":0,"56":1,"57":0,"58":0,"59":0,"60":0,"61":0,"62":0,"63":0,"64":0,"65":0,"66":0,"67":1,"68":0,"69":0,"70":0,"71":0,"72":0,"73":0,"74":0,"75":0,"76":0,"77":0,"78":1,"79":0,"80":0,"81":0,"82":0,"83":0,"84":0,"85":0,"86":0,"87":0,"88":0,"89":1,"90":0,"91":0,"92":0,"93":0,"94":0,"95":0,"96":0,"97":0,"98":0,"99":0,"100":1,"101":0,"102":0,"103":0,"104":0,"105":0,"106":0,"107":0,"108":0,"109":0,"110":0,"111":1,"112":0,"113":0,"114":0,"115":0,"116":0,"117":0,"118":0,"119":0,"120":0,"121":0,"122":1,"123":4,"124":4,"125":4,"126":4,"127":4,"128":0,"129":4,"130":4,"131":4,"132":4,"133":3,"134":4,"135":1,"136":1,"137":1,"138":1,"139":1,"140":1,"141":1,"142":1,"143":1,"144":1,"145":1,"146":1,"147":1,"148":0,"149":0,"150":1,"151":0,"152":0,"153":1,"154":0,"155":0,"156":0,"157":0,"158":0,"159":0,"160":0,"161":0,"162":0,"163":0,"164":1,"165":0,"166":0,"167":0,"168":0,"169":0,"170":0,"171":0,"172":0,"173":0,"174":0,"175":1,"176":0,"177":0,"178":0,"179":0,"180":0,"181":0,"182":0,"183":0,"184":0,"185":0,"186":1,"187":0,"188":0,"189":0,"190":0,"191":0,"192":0,"193":0,"194":1,"195":0,"196":0,"197":0,"198":0,"199":0,"200":1,"201":0,"202":0,"203":0,"204":0,"205":0,"206":0,"207":0,"208":1,"209":0,"210":0,"211":0,"212":0,"213":0,"214":0,"215":0,"216":1},"b":{"1":[2,1],"2":[3,3],"3":[4,0],"4":[1,0],"5":[0,1],"6":[1,0],"7":[0,1],"8":[0,0],"9":[0,0],"10":[0,0],"11":[0,0],"12":[0,0],"13":[0,0],"14":[0,0],"15":[0,0],"16":[0,0],"17":[0,0],"18":[0,0],"19":[0,0],"20":[0,0],"21":[0,0],"22":[0,0],"23":[0,0],"24":[0,0],"25":[0,0],"26":[0,0],"27":[0,0],"28":[0,0],"29":[0,0],"30":[0,0],"31":[0,0],"32":[0,0],"33":[0,0],"34":[0,0],"35":[0,0],"36":[0,0],"37":[0,0],"38":[0,0],"39":[0,0],"40":[0,0],"41":[0,0],"42":[0,0],"43":[0,0],"44":[0,0],"45":[0,0],"46":[0,0],"47":[4,0],"48":[0,4],"49":[4,0],"50":[3,1],"51":[0,0],"52":[0,0],"53":[0,0],"54":[0,0],"55":[0,0],"56":[0,0],"57":[0,0],"58":[0,0],"59":[0,0],"60":[0,0],"61":[0,0],"62":[0,0],"63":[0,0],"64":[0,0],"65":[0,0],"66":[0,0],"67":[0,0],"68":[0,0],"69":[0,0],"70":[0,0],"71":[0,0],"72":[0,0],"73":[0,0],"74":[0,0],"75":[0,0]},"f":{"1":3,"2":0,"3":6,"4":4,"5":2,"6":1,"7":1,"8":1,"9":1,"10":0,"11":0,"12":0,"13":0,"14":0,"15":0,"16":0,"17":0,"18":0,"19":0,"20":0,"21":0,"22":0,"23":0,"24":0,"25":0,"26":4,"27":4,"28":1,"29":1,"30":1,"31":1,"32":0,"33":0,"34":0,"35":0,"36":0,"37":0,"38":0,"39":0,"40":0,"41":0,"42":0,"43":0,"44":0,"45":0,"46":0,"47":0},"fnMap":{"1":{"name":"_interopRequireDefault","line":19,"loc":{"start":{"line":19,"column":0},"end":{"line":19,"column":37}}},"2":{"name":"noop","line":40,"loc":{"start":{"line":40,"column":11},"end":{"line":40,"column":27}}},"3":{"name":"random","line":41,"loc":{"start":{"line":41,"column":13},"end":{"line":41,"column":31}}},"4":{"name":"safeParse","line":45,"loc":{"start":{"line":45,"column":16},"end":{"line":45,"column":40}}},"5":{"name":"SDK","line":54,"loc":{"start":{"line":54,"column":10},"end":{"line":54,"column":25}}},"6":{"name":"(anonymous_6)","line":59,"loc":{"start":{"line":59,"column":16},"end":{"line":59,"column":35}}},"7":{"name":"(anonymous_7)","line":64,"loc":{"start":{"line":64,"column":5},"end":{"line":64,"column":31}}},"8":{"name":"(anonymous_8)","line":72,"loc":{"start":{"line":72,"column":17},"end":{"line":72,"column":36}}},"9":{"name":"(anonymous_9)","line":81,"loc":{"start":{"line":81,"column":5},"end":{"line":81,"column":31}}},"10":{"name":"(anonymous_10)","line":93,"loc":{"start":{"line":93,"column":11},"end":{"line":93,"column":30}}},"11":{"name":"(anonymous_11)","line":107,"loc":{"start":{"line":107,"column":5},"end":{"line":107,"column":31}}},"12":{"name":"(anonymous_12)","line":120,"loc":{"start":{"line":120,"column":15},"end":{"line":120,"column":37}}},"13":{"name":"(anonymous_13)","line":127,"loc":{"start":{"line":127,"column":12},"end":{"line":127,"column":26}}},"14":{"name":"(anonymous_14)","line":137,"loc":{"start":{"line":137,"column":14},"end":{"line":137,"column":33}}},"15":{"name":"(anonymous_15)","line":144,"loc":{"start":{"line":144,"column":5},"end":{"line":144,"column":31}}},"16":{"name":"(anonymous_16)","line":158,"loc":{"start":{"line":158,"column":18},"end":{"line":158,"column":37}}},"17":{"name":"(anonymous_17)","line":167,"loc":{"start":{"line":167,"column":5},"end":{"line":167,"column":31}}},"18":{"name":"(anonymous_18)","line":181,"loc":{"start":{"line":181,"column":26},"end":{"line":181,"column":45}}},"19":{"name":"(anonymous_19)","line":190,"loc":{"start":{"line":190,"column":5},"end":{"line":190,"column":31}}},"20":{"name":"(anonymous_20)","line":204,"loc":{"start":{"line":204,"column":20},"end":{"line":204,"column":39}}},"21":{"name":"(anonymous_21)","line":214,"loc":{"start":{"line":214,"column":5},"end":{"line":214,"column":31}}},"22":{"name":"(anonymous_22)","line":228,"loc":{"start":{"line":228,"column":20},"end":{"line":228,"column":39}}},"23":{"name":"(anonymous_23)","line":236,"loc":{"start":{"line":236,"column":5},"end":{"line":236,"column":31}}},"24":{"name":"(anonymous_24)","line":250,"loc":{"start":{"line":250,"column":12},"end":{"line":250,"column":31}}},"25":{"name":"(anonymous_25)","line":260,"loc":{"start":{"line":260,"column":5},"end":{"line":260,"column":31}}},"26":{"name":"(anonymous_26)","line":274,"loc":{"start":{"line":274,"column":11},"end":{"line":274,"column":30}}},"27":{"name":"(anonymous_27)","line":289,"loc":{"start":{"line":289,"column":5},"end":{"line":289,"column":31}}},"28":{"name":"(anonymous_28)","line":303,"loc":{"start":{"line":303,"column":10},"end":{"line":303,"column":29}}},"29":{"name":"(anonymous_29)","line":309,"loc":{"start":{"line":309,"column":10},"end":{"line":309,"column":29}}},"30":{"name":"(anonymous_30)","line":315,"loc":{"start":{"line":315,"column":12},"end":{"line":315,"column":31}}},"31":{"name":"(anonymous_31)","line":321,"loc":{"start":{"line":321,"column":22},"end":{"line":321,"column":41}}},"32":{"name":"(anonymous_32)","line":327,"loc":{"start":{"line":327,"column":22},"end":{"line":327,"column":41}}},"33":{"name":"(anonymous_33)","line":333,"loc":{"start":{"line":333,"column":27},"end":{"line":333,"column":46}}},"34":{"name":"(anonymous_34)","line":339,"loc":{"start":{"line":339,"column":17},"end":{"line":339,"column":36}}},"35":{"name":"(anonymous_35)","line":347,"loc":{"start":{"line":347,"column":5},"end":{"line":347,"column":31}}},"36":{"name":"(anonymous_36)","line":361,"loc":{"start":{"line":361,"column":19},"end":{"line":361,"column":38}}},"37":{"name":"(anonymous_37)","line":369,"loc":{"start":{"line":369,"column":5},"end":{"line":369,"column":31}}},"38":{"name":"(anonymous_38)","line":383,"loc":{"start":{"line":383,"column":20},"end":{"line":383,"column":39}}},"39":{"name":"(anonymous_39)","line":389,"loc":{"start":{"line":389,"column":5},"end":{"line":389,"column":31}}},"40":{"name":"(anonymous_40)","line":403,"loc":{"start":{"line":403,"column":18},"end":{"line":403,"column":37}}},"41":{"name":"(anonymous_41)","line":408,"loc":{"start":{"line":408,"column":5},"end":{"line":408,"column":31}}},"42":{"name":"(anonymous_42)","line":418,"loc":{"start":{"line":418,"column":20},"end":{"line":418,"column":39}}},"43":{"name":"(anonymous_43)","line":426,"loc":{"start":{"line":426,"column":5},"end":{"line":426,"column":31}}},"44":{"name":"(anonymous_44)","line":433,"loc":{"start":{"line":433,"column":15},"end":{"line":433,"column":34}}},"45":{"name":"(anonymous_45)","line":439,"loc":{"start":{"line":439,"column":5},"end":{"line":439,"column":31}}},"46":{"name":"(anonymous_46)","line":449,"loc":{"start":{"line":449,"column":11},"end":{"line":449,"column":30}}},"47":{"name":"(anonymous_47)","line":459,"loc":{"start":{"line":459,"column":5},"end":{"line":459,"column":31}}}},"statementMap":{"1":{"start":{"line":3,"column":0},"end":{"line":5,"column":3}},"2":{"start":{"line":7,"column":0},"end":{"line":7,"column":34}},"3":{"start":{"line":9,"column":0},"end":{"line":9,"column":49}},"4":{"start":{"line":11,"column":0},"end":{"line":11,"column":34}},"5":{"start":{"line":13,"column":0},"end":{"line":13,"column":47}},"6":{"start":{"line":15,"column":0},"end":{"line":15,"column":30}},"7":{"start":{"line":17,"column":0},"end":{"line":17,"column":43}},"8":{"start":{"line":19,"column":0},"end":{"line":19,"column":95}},"9":{"start":{"line":19,"column":39},"end":{"line":19,"column":93}},"10":{"start":{"line":25,"column":0},"end":{"line":25,"column":28}},"11":{"start":{"line":30,"column":0},"end":{"line":30,"column":34}},"12":{"start":{"line":33,"column":0},"end":{"line":33,"column":32}},"13":{"start":{"line":35,"column":0},"end":{"line":38,"column":3}},"14":{"start":{"line":40,"column":0},"end":{"line":40,"column":30}},"15":{"start":{"line":41,"column":0},"end":{"line":43,"column":2}},"16":{"start":{"line":42,"column":2},"end":{"line":42,"column":20}},"17":{"start":{"line":45,"column":0},"end":{"line":52,"column":2}},"18":{"start":{"line":46,"column":2},"end":{"line":46,"column":21}},"19":{"start":{"line":47,"column":2},"end":{"line":51,"column":3}},"20":{"start":{"line":48,"column":4},"end":{"line":48,"column":32}},"21":{"start":{"line":50,"column":4},"end":{"line":50,"column":45}},"22":{"start":{"line":54,"column":0},"end":{"line":54,"column":28}},"23":{"start":{"line":56,"column":0},"end":{"line":56,"column":23}},"24":{"start":{"line":59,"column":0},"end":{"line":69,"column":2}},"25":{"start":{"line":60,"column":2},"end":{"line":60,"column":18}},"26":{"start":{"line":61,"column":2},"end":{"line":68,"column":5}},"27":{"start":{"line":65,"column":4},"end":{"line":65,"column":28}},"28":{"start":{"line":65,"column":13},"end":{"line":65,"column":28}},"29":{"start":{"line":66,"column":4},"end":{"line":66,"column":36}},"30":{"start":{"line":67,"column":4},"end":{"line":67,"column":17}},"31":{"start":{"line":72,"column":0},"end":{"line":90,"column":2}},"32":{"start":{"line":73,"column":2},"end":{"line":73,"column":18}},"33":{"start":{"line":74,"column":2},"end":{"line":89,"column":5}},"34":{"start":{"line":82,"column":4},"end":{"line":82,"column":28}},"35":{"start":{"line":82,"column":13},"end":{"line":82,"column":28}},"36":{"start":{"line":83,"column":4},"end":{"line":87,"column":6}},"37":{"start":{"line":88,"column":4},"end":{"line":88,"column":19}},"38":{"start":{"line":93,"column":0},"end":{"line":118,"column":2}},"39":{"start":{"line":94,"column":2},"end":{"line":94,"column":18}},"40":{"start":{"line":95,"column":2},"end":{"line":117,"column":5}},"41":{"start":{"line":108,"column":4},"end":{"line":108,"column":28}},"42":{"start":{"line":108,"column":13},"end":{"line":108,"column":28}},"43":{"start":{"line":109,"column":4},"end":{"line":109,"column":26}},"44":{"start":{"line":110,"column":4},"end":{"line":116,"column":5}},"45":{"start":{"line":111,"column":6},"end":{"line":114,"column":8}},"46":{"start":{"line":115,"column":6},"end":{"line":115,"column":23}},"47":{"start":{"line":120,"column":0},"end":{"line":124,"column":2}},"48":{"start":{"line":121,"column":2},"end":{"line":121,"column":18}},"49":{"start":{"line":122,"column":2},"end":{"line":122,"column":38}},"50":{"start":{"line":123,"column":2},"end":{"line":123,"column":7}},"51":{"start":{"line":127,"column":0},"end":{"line":134,"column":2}},"52":{"start":{"line":128,"column":2},"end":{"line":128,"column":18}},"53":{"start":{"line":129,"column":2},"end":{"line":129,"column":34}},"54":{"start":{"line":130,"column":2},"end":{"line":132,"column":5}},"55":{"start":{"line":133,"column":2},"end":{"line":133,"column":7}},"56":{"start":{"line":137,"column":0},"end":{"line":155,"column":2}},"57":{"start":{"line":138,"column":2},"end":{"line":138,"column":18}},"58":{"start":{"line":139,"column":2},"end":{"line":154,"column":5}},"59":{"start":{"line":145,"column":4},"end":{"line":145,"column":28}},"60":{"start":{"line":145,"column":13},"end":{"line":145,"column":28}},"61":{"start":{"line":146,"column":4},"end":{"line":146,"column":26}},"62":{"start":{"line":147,"column":4},"end":{"line":153,"column":5}},"63":{"start":{"line":148,"column":6},"end":{"line":148,"column":22}},"64":{"start":{"line":149,"column":6},"end":{"line":151,"column":7}},"65":{"start":{"line":150,"column":8},"end":{"line":150,"column":36}},"66":{"start":{"line":152,"column":6},"end":{"line":152,"column":23}},"67":{"start":{"line":158,"column":0},"end":{"line":178,"column":2}},"68":{"start":{"line":159,"column":2},"end":{"line":159,"column":18}},"69":{"start":{"line":160,"column":2},"end":{"line":177,"column":5}},"70":{"start":{"line":168,"column":4},"end":{"line":168,"column":28}},"71":{"start":{"line":168,"column":13},"end":{"line":168,"column":28}},"72":{"start":{"line":169,"column":4},"end":{"line":169,"column":26}},"73":{"start":{"line":170,"column":4},"end":{"line":176,"column":5}},"74":{"start":{"line":171,"column":6},"end":{"line":171,"column":22}},"75":{"start":{"line":172,"column":6},"end":{"line":174,"column":7}},"76":{"start":{"line":173,"column":8},"end":{"line":173,"column":36}},"77":{"start":{"line":175,"column":6},"end":{"line":175,"column":23}},"78":{"start":{"line":181,"column":0},"end":{"line":201,"column":2}},"79":{"start":{"line":182,"column":2},"end":{"line":182,"column":18}},"80":{"start":{"line":183,"column":2},"end":{"line":200,"column":5}},"81":{"start":{"line":191,"column":4},"end":{"line":191,"column":28}},"82":{"start":{"line":191,"column":13},"end":{"line":191,"column":28}},"83":{"start":{"line":192,"column":4},"end":{"line":199,"column":5}},"84":{"start":{"line":193,"column":6},"end":{"line":193,"column":28}},"85":{"start":{"line":194,"column":6},"end":{"line":194,"column":22}},"86":{"start":{"line":195,"column":6},"end":{"line":197,"column":7}},"87":{"start":{"line":196,"column":8},"end":{"line":196,"column":36}},"88":{"start":{"line":198,"column":6},"end":{"line":198,"column":23}},"89":{"start":{"line":204,"column":0},"end":{"line":225,"column":2}},"90":{"start":{"line":205,"column":2},"end":{"line":205,"column":18}},"91":{"start":{"line":206,"column":2},"end":{"line":224,"column":5}},"92":{"start":{"line":215,"column":4},"end":{"line":215,"column":28}},"93":{"start":{"line":215,"column":13},"end":{"line":215,"column":28}},"94":{"start":{"line":216,"column":4},"end":{"line":216,"column":26}},"95":{"start":{"line":217,"column":4},"end":{"line":223,"column":5}},"96":{"start":{"line":218,"column":6},"end":{"line":218,"column":22}},"97":{"start":{"line":219,"column":6},"end":{"line":221,"column":7}},"98":{"start":{"line":220,"column":8},"end":{"line":220,"column":36}},"99":{"start":{"line":222,"column":6},"end":{"line":222,"column":23}},"100":{"start":{"line":228,"column":0},"end":{"line":247,"column":2}},"101":{"start":{"line":229,"column":2},"end":{"line":229,"column":18}},"102":{"start":{"line":230,"column":2},"end":{"line":246,"column":5}},"103":{"start":{"line":237,"column":4},"end":{"line":237,"column":28}},"104":{"start":{"line":237,"column":13},"end":{"line":237,"column":28}},"105":{"start":{"line":238,"column":4},"end":{"line":238,"column":26}},"106":{"start":{"line":239,"column":4},"end":{"line":245,"column":5}},"107":{"start":{"line":240,"column":6},"end":{"line":240,"column":24}},"108":{"start":{"line":241,"column":6},"end":{"line":243,"column":7}},"109":{"start":{"line":242,"column":8},"end":{"line":242,"column":36}},"110":{"start":{"line":244,"column":6},"end":{"line":244,"column":23}},"111":{"start":{"line":250,"column":0},"end":{"line":271,"column":2}},"112":{"start":{"line":251,"column":2},"end":{"line":251,"column":18}},"113":{"start":{"line":252,"column":2},"end":{"line":270,"column":5}},"114":{"start":{"line":261,"column":4},"end":{"line":261,"column":28}},"115":{"start":{"line":261,"column":13},"end":{"line":261,"column":28}},"116":{"start":{"line":262,"column":4},"end":{"line":262,"column":26}},"117":{"start":{"line":263,"column":4},"end":{"line":269,"column":5}},"118":{"start":{"line":264,"column":6},"end":{"line":264,"column":22}},"119":{"start":{"line":265,"column":6},"end":{"line":267,"column":7}},"120":{"start":{"line":266,"column":8},"end":{"line":266,"column":27}},"121":{"start":{"line":268,"column":6},"end":{"line":268,"column":23}},"122":{"start":{"line":274,"column":0},"end":{"line":300,"column":2}},"123":{"start":{"line":275,"column":2},"end":{"line":282,"column":4}},"124":{"start":{"line":283,"column":2},"end":{"line":283,"column":39}},"125":{"start":{"line":284,"column":2},"end":{"line":284,"column":18}},"126":{"start":{"line":285,"column":2},"end":{"line":299,"column":5}},"127":{"start":{"line":290,"column":4},"end":{"line":290,"column":28}},"128":{"start":{"line":290,"column":13},"end":{"line":290,"column":28}},"129":{"start":{"line":291,"column":4},"end":{"line":291,"column":26}},"130":{"start":{"line":292,"column":4},"end":{"line":298,"column":5}},"131":{"start":{"line":293,"column":6},"end":{"line":293,"column":22}},"132":{"start":{"line":294,"column":6},"end":{"line":296,"column":7}},"133":{"start":{"line":295,"column":8},"end":{"line":295,"column":27}},"134":{"start":{"line":297,"column":6},"end":{"line":297,"column":23}},"135":{"start":{"line":303,"column":0},"end":{"line":306,"column":2}},"136":{"start":{"line":304,"column":2},"end":{"line":304,"column":17}},"137":{"start":{"line":305,"column":2},"end":{"line":305,"column":20}},"138":{"start":{"line":309,"column":0},"end":{"line":312,"column":2}},"139":{"start":{"line":310,"column":2},"end":{"line":310,"column":17}},"140":{"start":{"line":311,"column":2},"end":{"line":311,"column":20}},"141":{"start":{"line":315,"column":0},"end":{"line":318,"column":2}},"142":{"start":{"line":316,"column":2},"end":{"line":316,"column":17}},"143":{"start":{"line":317,"column":2},"end":{"line":317,"column":20}},"144":{"start":{"line":321,"column":0},"end":{"line":324,"column":2}},"145":{"start":{"line":322,"column":2},"end":{"line":322,"column":17}},"146":{"start":{"line":323,"column":2},"end":{"line":323,"column":20}},"147":{"start":{"line":327,"column":0},"end":{"line":330,"column":2}},"148":{"start":{"line":328,"column":2},"end":{"line":328,"column":39}},"149":{"start":{"line":329,"column":2},"end":{"line":329,"column":20}},"150":{"start":{"line":333,"column":0},"end":{"line":336,"column":2}},"151":{"start":{"line":334,"column":2},"end":{"line":334,"column":44}},"152":{"start":{"line":335,"column":2},"end":{"line":335,"column":20}},"153":{"start":{"line":339,"column":0},"end":{"line":358,"column":2}},"154":{"start":{"line":340,"column":2},"end":{"line":340,"column":18}},"155":{"start":{"line":341,"column":2},"end":{"line":357,"column":5}},"156":{"start":{"line":348,"column":4},"end":{"line":348,"column":28}},"157":{"start":{"line":348,"column":13},"end":{"line":348,"column":28}},"158":{"start":{"line":349,"column":4},"end":{"line":349,"column":26}},"159":{"start":{"line":350,"column":4},"end":{"line":356,"column":5}},"160":{"start":{"line":351,"column":6},"end":{"line":351,"column":21}},"161":{"start":{"line":352,"column":6},"end":{"line":354,"column":7}},"162":{"start":{"line":353,"column":8},"end":{"line":353,"column":31}},"163":{"start":{"line":355,"column":6},"end":{"line":355,"column":23}},"164":{"start":{"line":361,"column":0},"end":{"line":380,"column":2}},"165":{"start":{"line":362,"column":2},"end":{"line":362,"column":18}},"166":{"start":{"line":363,"column":2},"end":{"line":379,"column":5}},"167":{"start":{"line":370,"column":4},"end":{"line":370,"column":28}},"168":{"start":{"line":370,"column":13},"end":{"line":370,"column":28}},"169":{"start":{"line":371,"column":4},"end":{"line":371,"column":26}},"170":{"start":{"line":372,"column":4},"end":{"line":378,"column":5}},"171":{"start":{"line":373,"column":6},"end":{"line":373,"column":21}},"172":{"start":{"line":374,"column":6},"end":{"line":376,"column":7}},"173":{"start":{"line":375,"column":8},"end":{"line":375,"column":31}},"174":{"start":{"line":377,"column":6},"end":{"line":377,"column":23}},"175":{"start":{"line":383,"column":0},"end":{"line":400,"column":2}},"176":{"start":{"line":384,"column":2},"end":{"line":384,"column":18}},"177":{"start":{"line":385,"column":2},"end":{"line":399,"column":5}},"178":{"start":{"line":390,"column":4},"end":{"line":390,"column":28}},"179":{"start":{"line":390,"column":13},"end":{"line":390,"column":28}},"180":{"start":{"line":391,"column":4},"end":{"line":391,"column":26}},"181":{"start":{"line":392,"column":4},"end":{"line":398,"column":5}},"182":{"start":{"line":393,"column":6},"end":{"line":393,"column":25}},"183":{"start":{"line":394,"column":6},"end":{"line":396,"column":7}},"184":{"start":{"line":395,"column":8},"end":{"line":395,"column":38}},"185":{"start":{"line":397,"column":6},"end":{"line":397,"column":23}},"186":{"start":{"line":403,"column":0},"end":{"line":415,"column":2}},"187":{"start":{"line":404,"column":2},"end":{"line":404,"column":18}},"188":{"start":{"line":405,"column":2},"end":{"line":414,"column":5}},"189":{"start":{"line":409,"column":4},"end":{"line":409,"column":28}},"190":{"start":{"line":409,"column":13},"end":{"line":409,"column":28}},"191":{"start":{"line":410,"column":4},"end":{"line":410,"column":26}},"192":{"start":{"line":411,"column":4},"end":{"line":413,"column":5}},"193":{"start":{"line":412,"column":6},"end":{"line":412,"column":36}},"194":{"start":{"line":418,"column":0},"end":{"line":430,"column":2}},"195":{"start":{"line":419,"column":2},"end":{"line":419,"column":18}},"196":{"start":{"line":420,"column":2},"end":{"line":429,"column":5}},"197":{"start":{"line":427,"column":4},"end":{"line":427,"column":28}},"198":{"start":{"line":427,"column":13},"end":{"line":427,"column":28}},"199":{"start":{"line":428,"column":4},"end":{"line":428,"column":19}},"200":{"start":{"line":433,"column":0},"end":{"line":446,"column":2}},"201":{"start":{"line":434,"column":2},"end":{"line":434,"column":18}},"202":{"start":{"line":435,"column":2},"end":{"line":445,"column":5}},"203":{"start":{"line":440,"column":4},"end":{"line":440,"column":28}},"204":{"start":{"line":440,"column":13},"end":{"line":440,"column":28}},"205":{"start":{"line":441,"column":4},"end":{"line":441,"column":26}},"206":{"start":{"line":442,"column":4},"end":{"line":444,"column":5}},"207":{"start":{"line":443,"column":6},"end":{"line":443,"column":21}},"208":{"start":{"line":449,"column":0},"end":{"line":466,"column":2}},"209":{"start":{"line":450,"column":2},"end":{"line":450,"column":18}},"210":{"start":{"line":451,"column":2},"end":{"line":465,"column":5}},"211":{"start":{"line":460,"column":4},"end":{"line":460,"column":28}},"212":{"start":{"line":460,"column":13},"end":{"line":460,"column":28}},"213":{"start":{"line":461,"column":4},"end":{"line":461,"column":26}},"214":{"start":{"line":462,"column":4},"end":{"line":464,"column":5}},"215":{"start":{"line":463,"column":6},"end":{"line":463,"column":21}},"216":{"start":{"line":468,"column":0},"end":{"line":468,"column":22}}},"branchMap":{"1":{"line":19,"type":"cond-expr","locations":[{"start":{"line":19,"column":70},"end":{"line":19,"column":73}},{"start":{"line":19,"column":76},"end":{"line":19,"column":92}}]},"2":{"line":19,"type":"binary-expr","locations":[{"start":{"line":19,"column":46},"end":{"line":19,"column":49}},{"start":{"line":19,"column":53},"end":{"line":19,"column":67}}]},"3":{"line":47,"type":"if","locations":[{"start":{"line":47,"column":2},"end":{"line":47,"column":2}},{"start":{"line":47,"column":2},"end":{"line":47,"column":2}}]},"4":{"line":60,"type":"binary-expr","locations":[{"start":{"line":60,"column":7},"end":{"line":60,"column":9}},{"start":{"line":60,"column":13},"end":{"line":60,"column":17}}]},"5":{"line":65,"type":"if","locations":[{"start":{"line":65,"column":4},"end":{"line":65,"column":4}},{"start":{"line":65,"column":4},"end":{"line":65,"column":4}}]},"6":{"line":73,"type":"binary-expr","locations":[{"start":{"line":73,"column":7},"end":{"line":73,"column":9}},{"start":{"line":73,"column":13},"end":{"line":73,"column":17}}]},"7":{"line":82,"type":"if","locations":[{"start":{"line":82,"column":4},"end":{"line":82,"column":4}},{"start":{"line":82,"column":4},"end":{"line":82,"column":4}}]},"8":{"line":94,"type":"binary-expr","locations":[{"start":{"line":94,"column":7},"end":{"line":94,"column":9}},{"start":{"line":94,"column":13},"end":{"line":94,"column":17}}]},"9":{"line":100,"type":"binary-expr","locations":[{"start":{"line":100,"column":16},"end":{"line":100,"column":28}},{"start":{"line":100,"column":32},"end":{"line":100,"column":36}}]},"10":{"line":108,"type":"if","locations":[{"start":{"line":108,"column":4},"end":{"line":108,"column":4}},{"start":{"line":108,"column":4},"end":{"line":108,"column":4}}]},"11":{"line":110,"type":"if","locations":[{"start":{"line":110,"column":4},"end":{"line":110,"column":4}},{"start":{"line":110,"column":4},"end":{"line":110,"column":4}}]},"12":{"line":121,"type":"binary-expr","locations":[{"start":{"line":121,"column":7},"end":{"line":121,"column":9}},{"start":{"line":121,"column":13},"end":{"line":121,"column":17}}]},"13":{"line":128,"type":"binary-expr","locations":[{"start":{"line":128,"column":7},"end":{"line":128,"column":9}},{"start":{"line":128,"column":13},"end":{"line":128,"column":17}}]},"14":{"line":138,"type":"binary-expr","locations":[{"start":{"line":138,"column":7},"end":{"line":138,"column":9}},{"start":{"line":138,"column":13},"end":{"line":138,"column":17}}]},"15":{"line":142,"type":"binary-expr","locations":[{"start":{"line":142,"column":16},"end":{"line":142,"column":28}},{"start":{"line":142,"column":32},"end":{"line":142,"column":37}}]},"16":{"line":145,"type":"if","locations":[{"start":{"line":145,"column":4},"end":{"line":145,"column":4}},{"start":{"line":145,"column":4},"end":{"line":145,"column":4}}]},"17":{"line":147,"type":"if","locations":[{"start":{"line":147,"column":4},"end":{"line":147,"column":4}},{"start":{"line":147,"column":4},"end":{"line":147,"column":4}}]},"18":{"line":149,"type":"if","locations":[{"start":{"line":149,"column":6},"end":{"line":149,"column":6}},{"start":{"line":149,"column":6},"end":{"line":149,"column":6}}]},"19":{"line":159,"type":"binary-expr","locations":[{"start":{"line":159,"column":7},"end":{"line":159,"column":9}},{"start":{"line":159,"column":13},"end":{"line":159,"column":17}}]},"20":{"line":163,"type":"binary-expr","locations":[{"start":{"line":163,"column":13},"end":{"line":163,"column":22}},{"start":{"line":163,"column":26},"end":{"line":163,"column":27}}]},"21":{"line":164,"type":"binary-expr","locations":[{"start":{"line":164,"column":13},"end":{"line":164,"column":22}},{"start":{"line":164,"column":26},"end":{"line":164,"column":27}}]},"22":{"line":168,"type":"if","locations":[{"start":{"line":168,"column":4},"end":{"line":168,"column":4}},{"start":{"line":168,"column":4},"end":{"line":168,"column":4}}]},"23":{"line":170,"type":"if","locations":[{"start":{"line":170,"column":4},"end":{"line":170,"column":4}},{"start":{"line":170,"column":4},"end":{"line":170,"column":4}}]},"24":{"line":172,"type":"if","locations":[{"start":{"line":172,"column":6},"end":{"line":172,"column":6}},{"start":{"line":172,"column":6},"end":{"line":172,"column":6}}]},"25":{"line":182,"type":"binary-expr","locations":[{"start":{"line":182,"column":7},"end":{"line":182,"column":9}},{"start":{"line":182,"column":13},"end":{"line":182,"column":17}}]},"26":{"line":186,"type":"binary-expr","locations":[{"start":{"line":186,"column":13},"end":{"line":186,"column":22}},{"start":{"line":186,"column":26},"end":{"line":186,"column":27}}]},"27":{"line":187,"type":"binary-expr","locations":[{"start":{"line":187,"column":13},"end":{"line":187,"column":22}},{"start":{"line":187,"column":26},"end":{"line":187,"column":28}}]},"28":{"line":191,"type":"if","locations":[{"start":{"line":191,"column":4},"end":{"line":191,"column":4}},{"start":{"line":191,"column":4},"end":{"line":191,"column":4}}]},"29":{"line":192,"type":"if","locations":[{"start":{"line":192,"column":4},"end":{"line":192,"column":4}},{"start":{"line":192,"column":4},"end":{"line":192,"column":4}}]},"30":{"line":195,"type":"if","locations":[{"start":{"line":195,"column":6},"end":{"line":195,"column":6}},{"start":{"line":195,"column":6},"end":{"line":195,"column":6}}]},"31":{"line":205,"type":"binary-expr","locations":[{"start":{"line":205,"column":7},"end":{"line":205,"column":9}},{"start":{"line":205,"column":13},"end":{"line":205,"column":17}}]},"32":{"line":210,"type":"binary-expr","locations":[{"start":{"line":210,"column":13},"end":{"line":210,"column":22}},{"start":{"line":210,"column":26},"end":{"line":210,"column":27}}]},"33":{"line":211,"type":"binary-expr","locations":[{"start":{"line":211,"column":13},"end":{"line":211,"column":22}},{"start":{"line":211,"column":26},"end":{"line":211,"column":28}}]},"34":{"line":215,"type":"if","locations":[{"start":{"line":215,"column":4},"end":{"line":215,"column":4}},{"start":{"line":215,"column":4},"end":{"line":215,"column":4}}]},"35":{"line":217,"type":"if","locations":[{"start":{"line":217,"column":4},"end":{"line":217,"column":4}},{"start":{"line":217,"column":4},"end":{"line":217,"column":4}}]},"36":{"line":219,"type":"if","locations":[{"start":{"line":219,"column":6},"end":{"line":219,"column":6}},{"start":{"line":219,"column":6},"end":{"line":219,"column":6}}]},"37":{"line":229,"type":"binary-expr","locations":[{"start":{"line":229,"column":7},"end":{"line":229,"column":9}},{"start":{"line":229,"column":13},"end":{"line":229,"column":17}}]},"38":{"line":237,"type":"if","locations":[{"start":{"line":237,"column":4},"end":{"line":237,"column":4}},{"start":{"line":237,"column":4},"end":{"line":237,"column":4}}]},"39":{"line":239,"type":"if","locations":[{"start":{"line":239,"column":4},"end":{"line":239,"column":4}},{"start":{"line":239,"column":4},"end":{"line":239,"column":4}}]},"40":{"line":241,"type":"if","locations":[{"start":{"line":241,"column":6},"end":{"line":241,"column":6}},{"start":{"line":241,"column":6},"end":{"line":241,"column":6}}]},"41":{"line":251,"type":"binary-expr","locations":[{"start":{"line":251,"column":7},"end":{"line":251,"column":9}},{"start":{"line":251,"column":13},"end":{"line":251,"column":17}}]},"42":{"line":257,"type":"binary-expr","locations":[{"start":{"line":257,"column":13},"end":{"line":257,"column":22}},{"start":{"line":257,"column":26},"end":{"line":257,"column":27}}]},"43":{"line":258,"type":"binary-expr","locations":[{"start":{"line":258,"column":13},"end":{"line":258,"column":22}},{"start":{"line":258,"column":26},"end":{"line":258,"column":28}}]},"44":{"line":261,"type":"if","locations":[{"start":{"line":261,"column":4},"end":{"line":261,"column":4}},{"start":{"line":261,"column":4},"end":{"line":261,"column":4}}]},"45":{"line":263,"type":"if","locations":[{"start":{"line":263,"column":4},"end":{"line":263,"column":4}},{"start":{"line":263,"column":4},"end":{"line":263,"column":4}}]},"46":{"line":265,"type":"if","locations":[{"start":{"line":265,"column":6},"end":{"line":265,"column":6}},{"start":{"line":265,"column":6},"end":{"line":265,"column":6}}]},"47":{"line":284,"type":"binary-expr","locations":[{"start":{"line":284,"column":7},"end":{"line":284,"column":9}},{"start":{"line":284,"column":13},"end":{"line":284,"column":17}}]},"48":{"line":290,"type":"if","locations":[{"start":{"line":290,"column":4},"end":{"line":290,"column":4}},{"start":{"line":290,"column":4},"end":{"line":290,"column":4}}]},"49":{"line":292,"type":"if","locations":[{"start":{"line":292,"column":4},"end":{"line":292,"column":4}},{"start":{"line":292,"column":4},"end":{"line":292,"column":4}}]},"50":{"line":294,"type":"if","locations":[{"start":{"line":294,"column":6},"end":{"line":294,"column":6}},{"start":{"line":294,"column":6},"end":{"line":294,"column":6}}]},"51":{"line":340,"type":"binary-expr","locations":[{"start":{"line":340,"column":7},"end":{"line":340,"column":9}},{"start":{"line":340,"column":13},"end":{"line":340,"column":17}}]},"52":{"line":348,"type":"if","locations":[{"start":{"line":348,"column":4},"end":{"line":348,"column":4}},{"start":{"line":348,"column":4},"end":{"line":348,"column":4}}]},"53":{"line":350,"type":"if","locations":[{"start":{"line":350,"column":4},"end":{"line":350,"column":4}},{"start":{"line":350,"column":4},"end":{"line":350,"column":4}}]},"54":{"line":352,"type":"if","locations":[{"start":{"line":352,"column":6},"end":{"line":352,"column":6}},{"start":{"line":352,"column":6},"end":{"line":352,"column":6}}]},"55":{"line":362,"type":"binary-expr","locations":[{"start":{"line":362,"column":7},"end":{"line":362,"column":9}},{"start":{"line":362,"column":13},"end":{"line":362,"column":17}}]},"56":{"line":370,"type":"if","locations":[{"start":{"line":370,"column":4},"end":{"line":370,"column":4}},{"start":{"line":370,"column":4},"end":{"line":370,"column":4}}]},"57":{"line":372,"type":"if","locations":[{"start":{"line":372,"column":4},"end":{"line":372,"column":4}},{"start":{"line":372,"column":4},"end":{"line":372,"column":4}}]},"58":{"line":374,"type":"if","locations":[{"start":{"line":374,"column":6},"end":{"line":374,"column":6}},{"start":{"line":374,"column":6},"end":{"line":374,"column":6}}]},"59":{"line":384,"type":"binary-expr","locations":[{"start":{"line":384,"column":7},"end":{"line":384,"column":9}},{"start":{"line":384,"column":13},"end":{"line":384,"column":17}}]},"60":{"line":390,"type":"if","locations":[{"start":{"line":390,"column":4},"end":{"line":390,"column":4}},{"start":{"line":390,"column":4},"end":{"line":390,"column":4}}]},"61":{"line":392,"type":"if","locations":[{"start":{"line":392,"column":4},"end":{"line":392,"column":4}},{"start":{"line":392,"column":4},"end":{"line":392,"column":4}}]},"62":{"line":394,"type":"if","locations":[{"start":{"line":394,"column":6},"end":{"line":394,"column":6}},{"start":{"line":394,"column":6},"end":{"line":394,"column":6}}]},"63":{"line":404,"type":"binary-expr","locations":[{"start":{"line":404,"column":7},"end":{"line":404,"column":9}},{"start":{"line":404,"column":13},"end":{"line":404,"column":17}}]},"64":{"line":409,"type":"if","locations":[{"start":{"line":409,"column":4},"end":{"line":409,"column":4}},{"start":{"line":409,"column":4},"end":{"line":409,"column":4}}]},"65":{"line":411,"type":"if","locations":[{"start":{"line":411,"column":4},"end":{"line":411,"column":4}},{"start":{"line":411,"column":4},"end":{"line":411,"column":4}}]},"66":{"line":412,"type":"binary-expr","locations":[{"start":{"line":412,"column":15},"end":{"line":412,"column":28}},{"start":{"line":412,"column":32},"end":{"line":412,"column":34}}]},"67":{"line":419,"type":"binary-expr","locations":[{"start":{"line":419,"column":7},"end":{"line":419,"column":9}},{"start":{"line":419,"column":13},"end":{"line":419,"column":17}}]},"68":{"line":425,"type":"binary-expr","locations":[{"start":{"line":425,"column":10},"end":{"line":425,"column":18}},{"start":{"line":425,"column":22},"end":{"line":425,"column":35}}]},"69":{"line":427,"type":"if","locations":[{"start":{"line":427,"column":4},"end":{"line":427,"column":4}},{"start":{"line":427,"column":4},"end":{"line":427,"column":4}}]},"70":{"line":434,"type":"binary-expr","locations":[{"start":{"line":434,"column":7},"end":{"line":434,"column":9}},{"start":{"line":434,"column":13},"end":{"line":434,"column":17}}]},"71":{"line":440,"type":"if","locations":[{"start":{"line":440,"column":4},"end":{"line":440,"column":4}},{"start":{"line":440,"column":4},"end":{"line":440,"column":4}}]},"72":{"line":442,"type":"if","locations":[{"start":{"line":442,"column":4},"end":{"line":442,"column":4}},{"start":{"line":442,"column":4},"end":{"line":442,"column":4}}]},"73":{"line":450,"type":"binary-expr","locations":[{"start":{"line":450,"column":7},"end":{"line":450,"column":9}},{"start":{"line":450,"column":13},"end":{"line":450,"column":17}}]},"74":{"line":460,"type":"if","locations":[{"start":{"line":460,"column":4},"end":{"line":460,"column":4}},{"start":{"line":460,"column":4},"end":{"line":460,"column":4}}]},"75":{"line":462,"type":"if","locations":[{"start":{"line":462,"column":4},"end":{"line":462,"column":4}},{"start":{"line":462,"column":4},"end":{"line":462,"column":4}}]}}},"/Users/feibai/github/doubanfm-sdk/dist/header.js":{"path":"/Users/feibai/github/doubanfm-sdk/dist/header.js","s":{"1":1,"2":1},"b":{},"f":{},"fnMap":{},"statementMap":{"1":{"start":{"line":3,"column":0},"end":{"line":5,"column":3}},"2":{"start":{"line":6,"column":0},"end":{"line":10,"column":2}}},"branchMap":{}},"/Users/feibai/github/doubanfm-sdk/dist/apis.js":{"path":"/Users/feibai/github/doubanfm-sdk/dist/apis.js","s":{"1":1,"2":1,"3":1,"4":1,"5":21,"6":1},"b":{},"f":{},"fnMap":{},"statementMap":{"1":{"start":{"line":3,"column":0},"end":{"line":5,"column":3}},"2":{"start":{"line":6,"column":0},"end":{"line":6,"column":55}},"3":{"start":{"line":8,"column":0},"end":{"line":51,"column":2}},"4":{"start":{"line":53,"column":0},"end":{"line":55,"column":1}},"5":{"start":{"line":54,"column":2},"end":{"line":54,"column":35}},"6":{"start":{"line":57,"column":0},"end":{"line":57,"column":23}}},"branchMap":{}}}