TN:
SF:/Users/feibai/github/doubanfm-sdk/dist/index.js
FN:19,_interopRequireDefault
FN:40,noop
FN:41,random
FN:45,safeParse
FN:54,SDK
FN:59,(anonymous_6)
FN:64,(anonymous_7)
FN:72,(anonymous_8)
FN:81,(anonymous_9)
FN:93,(anonymous_10)
FN:107,(anonymous_11)
FN:120,(anonymous_12)
FN:127,(anonymous_13)
FN:137,(anonymous_14)
FN:144,(anonymous_15)
FN:158,(anonymous_16)
FN:167,(anonymous_17)
FN:181,(anonymous_18)
FN:190,(anonymous_19)
FN:204,(anonymous_20)
FN:214,(anonymous_21)
FN:228,(anonymous_22)
FN:236,(anonymous_23)
FN:250,(anonymous_24)
FN:260,(anonymous_25)
FN:274,(anonymous_26)
FN:289,(anonymous_27)
FN:303,(anonymous_28)
FN:309,(anonymous_29)
FN:315,(anonymous_30)
FN:321,(anonymous_31)
FN:327,(anonymous_32)
FN:333,(anonymous_33)
FN:339,(anonymous_34)
FN:347,(anonymous_35)
FN:361,(anonymous_36)
FN:369,(anonymous_37)
FN:383,(anonymous_38)
FN:389,(anonymous_39)
FN:403,(anonymous_40)
FN:408,(anonymous_41)
FN:418,(anonymous_42)
FN:426,(anonymous_43)
FN:433,(anonymous_44)
FN:439,(anonymous_45)
FN:449,(anonymous_46)
FN:459,(anonymous_47)
FNF:47
FNH:14
FNDA:3,_interopRequireDefault
FNDA:0,noop
FNDA:6,random
FNDA:4,safeParse
FNDA:2,SDK
FNDA:1,(anonymous_6)
FNDA:1,(anonymous_7)
FNDA:1,(anonymous_8)
FNDA:1,(anonymous_9)
FNDA:0,(anonymous_10)
FNDA:0,(anonymous_11)
FNDA:0,(anonymous_12)
FNDA:0,(anonymous_13)
FNDA:0,(anonymous_14)
FNDA:0,(anonymous_15)
FNDA:0,(anonymous_16)
FNDA:0,(anonymous_17)
FNDA:0,(anonymous_18)
FNDA:0,(anonymous_19)
FNDA:0,(anonymous_20)
FNDA:0,(anonymous_21)
FNDA:0,(anonymous_22)
FNDA:0,(anonymous_23)
FNDA:0,(anonymous_24)
FNDA:0,(anonymous_25)
FNDA:4,(anonymous_26)
FNDA:4,(anonymous_27)
FNDA:1,(anonymous_28)
FNDA:1,(anonymous_29)
FNDA:1,(anonymous_30)
FNDA:1,(anonymous_31)
FNDA:0,(anonymous_32)
FNDA:0,(anonymous_33)
FNDA:0,(anonymous_34)
FNDA:0,(anonymous_35)
FNDA:0,(anonymous_36)
FNDA:0,(anonymous_37)
FNDA:0,(anonymous_38)
FNDA:0,(anonymous_39)
FNDA:0,(anonymous_40)
FNDA:0,(anonymous_41)
FNDA:0,(anonymous_42)
FNDA:0,(anonymous_43)
FNDA:0,(anonymous_44)
FNDA:0,(anonymous_45)
FNDA:0,(anonymous_46)
FNDA:0,(anonymous_47)
DA:3,1
DA:7,1
DA:9,1
DA:11,1
DA:13,1
DA:15,1
DA:17,1
DA:19,3
DA:25,1
DA:30,1
DA:33,1
DA:35,1
DA:40,1
DA:41,1
DA:42,6
DA:45,1
DA:46,4
DA:47,4
DA:48,4
DA:50,0
DA:54,1
DA:56,1
DA:59,1
DA:60,1
DA:61,1
DA:65,1
DA:66,1
DA:67,1
DA:72,1
DA:73,1
DA:74,1
DA:82,1
DA:83,1
DA:88,1
DA:93,1
DA:94,0
DA:95,0
DA:108,0
DA:109,0
DA:110,0
DA:111,0
DA:115,0
DA:120,1
DA:121,0
DA:122,0
DA:123,0
DA:127,1
DA:128,0
DA:129,0
DA:130,0
DA:133,0
DA:137,1
DA:138,0
DA:139,0
DA:145,0
DA:146,0
DA:147,0
DA:148,0
DA:149,0
DA:150,0
DA:152,0
DA:158,1
DA:159,0
DA:160,0
DA:168,0
DA:169,0
DA:170,0
DA:171,0
DA:172,0
DA:173,0
DA:175,0
DA:181,1
DA:182,0
DA:183,0
DA:191,0
DA:192,0
DA:193,0
DA:194,0
DA:195,0
DA:196,0
DA:198,0
DA:204,1
DA:205,0
DA:206,0
DA:215,0
DA:216,0
DA:217,0
DA:218,0
DA:219,0
DA:220,0
DA:222,0
DA:228,1
DA:229,0
DA:230,0
DA:237,0
DA:238,0
DA:239,0
DA:240,0
DA:241,0
DA:242,0
DA:244,0
DA:250,1
DA:251,0
DA:252,0
DA:261,0
DA:262,0
DA:263,0
DA:264,0
DA:265,0
DA:266,0
DA:268,0
DA:274,1
DA:275,4
DA:283,4
DA:284,4
DA:285,4
DA:290,4
DA:291,4
DA:292,4
DA:293,4
DA:294,4
DA:295,3
DA:297,4
DA:303,1
DA:304,1
DA:305,1
DA:309,1
DA:310,1
DA:311,1
DA:315,1
DA:316,1
DA:317,1
DA:321,1
DA:322,1
DA:323,1
DA:327,1
DA:328,0
DA:329,0
DA:333,1
DA:334,0
DA:335,0
DA:339,1
DA:340,0
DA:341,0
DA:348,0
DA:349,0
DA:350,0
DA:351,0
DA:352,0
DA:353,0
DA:355,0
DA:361,1
DA:362,0
DA:363,0
DA:370,0
DA:371,0
DA:372,0
DA:373,0
DA:374,0
DA:375,0
DA:377,0
DA:383,1
DA:384,0
DA:385,0
DA:390,0
DA:391,0
DA:392,0
DA:393,0
DA:394,0
DA:395,0
DA:397,0
DA:403,1
DA:404,0
DA:405,0
DA:409,0
DA:410,0
DA:411,0
DA:412,0
DA:418,1
DA:419,0
DA:420,0
DA:427,0
DA:428,0
DA:433,1
DA:434,0
DA:435,0
DA:440,0
DA:441,0
DA:442,0
DA:443,0
DA:449,1
DA:450,0
DA:451,0
DA:460,0
DA:461,0
DA:462,0
DA:463,0
DA:468,1
LF:198
LH:76
BRDA:19,1,0,2
BRDA:19,1,1,1
BRDA:19,2,0,3
BRDA:19,2,1,3
BRDA:47,3,0,4
BRDA:47,3,1,0
BRDA:60,4,0,1
BRDA:60,4,1,0
BRDA:65,5,0,0
BRDA:65,5,1,1
BRDA:73,6,0,1
BRDA:73,6,1,0
BRDA:82,7,0,0
BRDA:82,7,1,1
BRDA:94,8,0,0
BRDA:94,8,1,0
BRDA:100,9,0,0
BRDA:100,9,1,0
BRDA:108,10,0,0
BRDA:108,10,1,0
BRDA:110,11,0,0
BRDA:110,11,1,0
BRDA:121,12,0,0
BRDA:121,12,1,0
BRDA:128,13,0,0
BRDA:128,13,1,0
BRDA:138,14,0,0
BRDA:138,14,1,0
BRDA:142,15,0,0
BRDA:142,15,1,0
BRDA:145,16,0,0
BRDA:145,16,1,0
BRDA:147,17,0,0
BRDA:147,17,1,0
BRDA:149,18,0,0
BRDA:149,18,1,0
BRDA:159,19,0,0
BRDA:159,19,1,0
BRDA:163,20,0,0
BRDA:163,20,1,0
BRDA:164,21,0,0
BRDA:164,21,1,0
BRDA:168,22,0,0
BRDA:168,22,1,0
BRDA:170,23,0,0
BRDA:170,23,1,0
BRDA:172,24,0,0
BRDA:172,24,1,0
BRDA:182,25,0,0
BRDA:182,25,1,0
BRDA:186,26,0,0
BRDA:186,26,1,0
BRDA:187,27,0,0
BRDA:187,27,1,0
BRDA:191,28,0,0
BRDA:191,28,1,0
BRDA:192,29,0,0
BRDA:192,29,1,0
BRDA:195,30,0,0
BRDA:195,30,1,0
BRDA:205,31,0,0
BRDA:205,31,1,0
BRDA:210,32,0,0
BRDA:210,32,1,0
BRDA:211,33,0,0
BRDA:211,33,1,0
BRDA:215,34,0,0
BRDA:215,34,1,0
BRDA:217,35,0,0
BRDA:217,35,1,0
BRDA:219,36,0,0
BRDA:219,36,1,0
BRDA:229,37,0,0
BRDA:229,37,1,0
BRDA:237,38,0,0
BRDA:237,38,1,0
BRDA:239,39,0,0
BRDA:239,39,1,0
BRDA:241,40,0,0
BRDA:241,40,1,0
BRDA:251,41,0,0
BRDA:251,41,1,0
BRDA:257,42,0,0
BRDA:257,42,1,0
BRDA:258,43,0,0
BRDA:258,43,1,0
BRDA:261,44,0,0
BRDA:261,44,1,0
BRDA:263,45,0,0
BRDA:263,45,1,0
BRDA:265,46,0,0
BRDA:265,46,1,0
BRDA:284,47,0,4
BRDA:284,47,1,0
BRDA:290,48,0,0
BRDA:290,48,1,4
BRDA:292,49,0,4
BRDA:292,49,1,0
BRDA:294,50,0,3
BRDA:294,50,1,1
BRDA:340,51,0,0
BRDA:340,51,1,0
BRDA:348,52,0,0
BRDA:348,52,1,0
BRDA:350,53,0,0
BRDA:350,53,1,0
BRDA:352,54,0,0
BRDA:352,54,1,0
BRDA:362,55,0,0
BRDA:362,55,1,0
BRDA:370,56,0,0
BRDA:370,56,1,0
BRDA:372,57,0,0
BRDA:372,57,1,0
BRDA:374,58,0,0
BRDA:374,58,1,0
BRDA:384,59,0,0
BRDA:384,59,1,0
BRDA:390,60,0,0
BRDA:390,60,1,0
BRDA:392,61,0,0
BRDA:392,61,1,0
BRDA:394,62,0,0
BRDA:394,62,1,0
BRDA:404,63,0,0
BRDA:404,63,1,0
BRDA:409,64,0,0
BRDA:409,64,1,0
BRDA:411,65,0,0
BRDA:411,65,1,0
BRDA:412,66,0,0
BRDA:412,66,1,0
BRDA:419,67,0,0
BRDA:419,67,1,0
BRDA:425,68,0,0
BRDA:425,68,1,0
BRDA:427,69,0,0
BRDA:427,69,1,0
BRDA:434,70,0,0
BRDA:434,70,1,0
BRDA:440,71,0,0
BRDA:440,71,1,0
BRDA:442,72,0,0
BRDA:442,72,1,0
BRDA:450,73,0,0
BRDA:450,73,1,0
BRDA:460,74,0,0
BRDA:460,74,1,0
BRDA:462,75,0,0
BRDA:462,75,1,0
BRF:150
BRH:14
end_of_record
TN:
SF:/Users/feibai/github/doubanfm-sdk/dist/header.js
FNF:0
FNH:0
DA:3,1
DA:6,1
LF:2
LH:2
BRF:0
BRH:0
end_of_record
TN:
SF:/Users/feibai/github/doubanfm-sdk/dist/apis.js
FNF:0
FNH:0
DA:3,1
DA:6,1
DA:8,1
DA:53,1
DA:54,21
DA:57,1
LF:6
LH:6
BRF:0
BRH:0
end_of_record
