TN:
SF:/Users/feibai/github/doubanfm-sdk/dist/index.js
FN:19,_interopRequireDefault
FN:40,noop
FN:41,random
FN:45,safeParse
FN:54,SDK
FN:59,(anonymous_6)
FN:64,(anonymous_7)
FN:72,(anonymous_8)
FN:81,(anonymous_9)
FN:93,(anonymous_10)
FN:107,(anonymous_11)
FN:121,(anonymous_12)
FN:131,(anonymous_13)
FN:138,(anonymous_14)
FN:152,(anonymous_15)
FN:161,(anonymous_16)
FN:175,(anonymous_17)
FN:189,(anonymous_18)
FN:203,(anonymous_19)
FN:209,(anonymous_20)
FN:215,(anonymous_21)
FN:221,(anonymous_22)
FN:227,(anonymous_23)
FN:233,(anonymous_24)
FN:239,(anonymous_25)
FN:244,(anonymous_26)
FN:254,(anonymous_27)
FN:260,(anonymous_28)
FN:270,(anonymous_29)
FN:280,(anonymous_30)
FNF:30
FNH:20
FNDA:3,_interopRequireDefault
FNDA:0,noop
FNDA:9,random
FNDA:8,safeParse
FNDA:3,SDK
FNDA:1,(anonymous_6)
FNDA:1,(anonymous_7)
FNDA:1,(anonymous_8)
FNDA:1,(anonymous_9)
FNDA:0,(anonymous_10)
FNDA:0,(anonymous_11)
FNDA:0,(anonymous_12)
FNDA:1,(anonymous_13)
FNDA:1,(anonymous_14)
FNDA:1,(anonymous_15)
FNDA:1,(anonymous_16)
FNDA:6,(anonymous_17)
FNDA:6,(anonymous_18)
FNDA:1,(anonymous_19)
FNDA:1,(anonymous_20)
FNDA:1,(anonymous_21)
FNDA:1,(anonymous_22)
FNDA:1,(anonymous_23)
FNDA:1,(anonymous_24)
FNDA:0,(anonymous_25)
FNDA:0,(anonymous_26)
FNDA:0,(anonymous_27)
FNDA:0,(anonymous_28)
FNDA:0,(anonymous_29)
FNDA:0,(anonymous_30)
DA:3,1
DA:7,1
DA:9,1
DA:11,1
DA:13,1
DA:15,1
DA:17,1
DA:19,3
DA:25,1
DA:30,1
DA:33,1
DA:35,1
DA:40,1
DA:41,1
DA:42,9
DA:45,1
DA:46,8
DA:47,8
DA:48,0
DA:50,8
DA:54,1
DA:56,1
DA:59,1
DA:60,1
DA:61,1
DA:65,1
DA:66,1
DA:67,1
DA:72,1
DA:73,1
DA:74,1
DA:82,1
DA:83,1
DA:88,1
DA:93,1
DA:94,0
DA:95,0
DA:108,0
DA:109,0
DA:110,0
DA:111,0
DA:115,0
DA:121,1
DA:122,0
DA:123,0
DA:124,0
DA:127,0
DA:131,1
DA:132,1
DA:133,1
DA:139,1
DA:140,1
DA:141,1
DA:142,0
DA:143,0
DA:144,0
DA:146,0
DA:152,1
DA:153,1
DA:154,1
DA:162,1
DA:163,1
DA:164,1
DA:165,0
DA:166,0
DA:167,0
DA:169,0
DA:175,1
DA:176,6
DA:183,6
DA:184,6
DA:185,6
DA:190,6
DA:191,6
DA:192,6
DA:193,0
DA:194,0
DA:195,0
DA:197,0
DA:203,1
DA:204,1
DA:205,1
DA:209,1
DA:210,1
DA:211,1
DA:215,1
DA:216,1
DA:217,1
DA:221,1
DA:222,1
DA:223,1
DA:227,1
DA:228,1
DA:229,1
DA:233,1
DA:234,1
DA:235,1
DA:239,1
DA:240,0
DA:241,0
DA:245,0
DA:246,0
DA:247,0
DA:248,0
DA:254,1
DA:255,0
DA:256,0
DA:261,0
DA:262,0
DA:263,0
DA:264,0
DA:270,1
DA:271,0
DA:272,0
DA:281,0
DA:282,0
DA:283,0
DA:284,0
DA:289,1
LF:119
LH:77
BRDA:19,1,0,2
BRDA:19,1,1,1
BRDA:19,2,0,3
BRDA:19,2,1,3
BRDA:47,3,0,0
BRDA:47,3,1,8
BRDA:60,4,0,1
BRDA:60,4,1,0
BRDA:65,5,0,0
BRDA:65,5,1,1
BRDA:73,6,0,1
BRDA:73,6,1,0
BRDA:82,7,0,0
BRDA:82,7,1,1
BRDA:94,8,0,0
BRDA:94,8,1,0
BRDA:100,9,0,0
BRDA:100,9,1,0
BRDA:108,10,0,0
BRDA:108,10,1,0
BRDA:110,11,0,0
BRDA:110,11,1,0
BRDA:122,12,0,0
BRDA:122,12,1,0
BRDA:132,13,0,1
BRDA:132,13,1,0
BRDA:136,14,0,1
BRDA:136,14,1,1
BRDA:139,15,0,0
BRDA:139,15,1,1
BRDA:141,16,0,0
BRDA:141,16,1,1
BRDA:143,17,0,0
BRDA:143,17,1,0
BRDA:153,18,0,1
BRDA:153,18,1,0
BRDA:157,19,0,1
BRDA:157,19,1,1
BRDA:158,20,0,1
BRDA:158,20,1,1
BRDA:162,21,0,0
BRDA:162,21,1,1
BRDA:164,22,0,0
BRDA:164,22,1,1
BRDA:166,23,0,0
BRDA:166,23,1,0
BRDA:184,24,0,6
BRDA:184,24,1,0
BRDA:190,25,0,0
BRDA:190,25,1,6
BRDA:192,26,0,0
BRDA:192,26,1,6
BRDA:194,27,0,0
BRDA:194,27,1,0
BRDA:240,28,0,0
BRDA:240,28,1,0
BRDA:245,29,0,0
BRDA:245,29,1,0
BRDA:247,30,0,0
BRDA:247,30,1,0
BRDA:248,31,0,0
BRDA:248,31,1,0
BRDA:255,32,0,0
BRDA:255,32,1,0
BRDA:261,33,0,0
BRDA:261,33,1,0
BRDA:263,34,0,0
BRDA:263,34,1,0
BRDA:271,35,0,0
BRDA:271,35,1,0
BRDA:281,36,0,0
BRDA:281,36,1,0
BRDA:283,37,0,0
BRDA:283,37,1,0
BRF:74
BRH:24
end_of_record
TN:
SF:/Users/feibai/github/doubanfm-sdk/dist/header.js
FNF:0
FNH:0
DA:3,1
DA:6,1
LF:2
LH:2
BRF:0
BRH:0
end_of_record
TN:
SF:/Users/feibai/github/doubanfm-sdk/dist/apis.js
FNF:0
FNH:0
DA:3,1
DA:6,1
DA:8,1
DA:53,1
DA:54,21
DA:57,1
LF:6
LH:6
BRF:0
BRH:0
end_of_record
